<?xml version="1.0" encoding="UTF-8"?>
<!-- Generated by org.testng.reporters.JUnitXMLReporter -->
<testsuite ignored="0" hostname="DESKTOP-60NV4UB" failures="0" tests="4" name="ParallelTest" time="0.137" errors="0" timestamp="2023-03-29T19:34:51 IST">
  <testcase classname="Test.ParalleltestTwo" name="testMethodOne" time="0.014"/>
  <testcase classname="Test.ParalleltestOne" name="testMethodOne" time="0.014"/>
  <testcase classname="Test.ParalleltestOne" name="testMethodTwo" time="0.004"/>
  <testcase classname="Test.ParalleltestTwo" name="testMethodTwo" time="0.004"/>
</testsuite> <!-- ParallelTest -->
