<?xml version="1.0" encoding="UTF-8"?>
<!-- Generated by org.testng.reporters.JUnitXMLReporter -->
<testsuite ignored="0" hostname="DESKTOP-60NV4UB" failures="0" tests="4" name="DataproviderTest" time="0.102" errors="0" timestamp="2023-03-25T14:34:50 IST">
  <testcase classname="Test.SmapledatProvider" name="testMethod" time="0.009"/>
  <testcase classname="Test.SmapledatProvider" name="testMethod" time="0.001"/>
  <testcase classname="Test.SmapledatProvider" name="testMethod" time="0.002"/>
  <testcase classname="Test.SmapledatProvider" name="testMethod" time="0.003"/>
</testsuite> <!-- DataproviderTest -->
