<?xml version="1.0" encoding="UTF-8"?>
<!-- Generated by org.testng.reporters.JUnitXMLReporter -->
<testsuite ignored="1" hostname="DESKTOP-60NV4UB" failures="0" tests="3" name="GRP-include-group" time="0.085" errors="0" timestamp="2023-03-19T16:38:08 IST">
  <testcase classname="Test.Excludegroup" name="methodone" time="0.011"/>
  <testcase classname="Test.Excludegroup" name="methodthree" time="0.002"/>
  <testcase classname="Test.Excludegroup" name="methodtwo" time="0.003"/>
  <testcase classname="Test.Excludegroup" name="methodFour" time="0.0">
    <ignored/>
  </testcase> <!-- methodFour -->
</testsuite> <!-- GRP-include-group -->
