<?xml version="1.0" encoding="UTF-8"?>
<!-- Generated by org.testng.reporters.JUnitXMLReporter -->
<testsuite ignored="2" hostname="DESKTOP-60NV4UB" failures="0" tests="2" name="GRP-exclude-group" time="0.071" errors="0" timestamp="2023-03-19T16:34:46 IST">
  <testcase classname="Test.Excludegroup" name="methodFour" time="0.02"/>
  <testcase classname="Test.Excludegroup" name="methodthree" time="0.002"/>
  <testcase classname="Test.Excludegroup" name="methodone" time="0.0">
    <ignored/>
  </testcase> <!-- methodone -->
  <testcase classname="Test.Excludegroup" name="methodtwo" time="0.0">
    <ignored/>
  </testcase> <!-- methodtwo -->
</testsuite> <!-- GRP-exclude-group -->
