<?xml version="1.0" encoding="UTF-8"?>
<!-- Generated by org.testng.reporters.JUnitXMLReporter -->
<testsuite ignored="3" hostname="DESKTOP-60NV4UB" failures="0" tests="1" name="Excludegroup Test" time="0.056" errors="0" timestamp="2023-03-19T17:11:30 IST">
  <testcase classname="Test.Excludegroup" name="methodFour" time="0.008"/>
  <testcase classname="Test.Excludegroup" name="methodone" time="0.0">
    <ignored/>
  </testcase> <!-- methodone -->
  <testcase classname="Test.Excludegroup" name="methodtwo" time="0.0">
    <ignored/>
  </testcase> <!-- methodtwo -->
  <testcase classname="Test.Excludegroup" name="methodthree" time="0.0">
    <ignored/>
  </testcase> <!-- methodthree -->
</testsuite> <!-- Excludegroup Test -->
