<?xml version="1.0" encoding="UTF-8"?>
<!-- Generated by org.testng.reporters.JUnitXMLReporter -->
<testsuite ignored="0" hostname="DESKTOP-60NV4UB" failures="2" tests="2" name="TimeTest" time="1.129" errors="0" timestamp="2023-03-19T18:21:31 IST">
  <testcase classname="Test.TimeTest" name="Testone" time="0.534">
    <failure type="org.testng.internal.thread.ThreadTimeoutException" message="Method Test.TimeTest.Testone() didn&amp;apos;t finish within the time-out 500">
      <![CDATA[org.testng.internal.thread.ThreadTimeoutException: Method Test.TimeTest.Testone() didn't finish within the time-out 500
at java.base/java.util.ArrayList.forEach(ArrayList.java:1511)
... Removed 24 stack frames]]>
    </failure>
  </testcase> <!-- Testone -->
  <testcase classname="Test.TimeTest" name="Testtwo" time="0.511">
    <failure type="org.testng.internal.thread.ThreadTimeoutException" message="Method Test.TimeTest.Testtwo() didn&amp;apos;t finish within the time-out 500">
      <![CDATA[org.testng.internal.thread.ThreadTimeoutException: Method Test.TimeTest.Testtwo() didn't finish within the time-out 500
at java.base/java.util.ArrayList.forEach(ArrayList.java:1511)
... Removed 24 stack frames]]>
    </failure>
  </testcase> <!-- Testtwo -->
</testsuite> <!-- TimeTest -->
